[0m01:49:24.355851 [debug] [MainThread]: Sending event: {'category': 'dbt', 'action': 'invocation', 'label': 'start', 'context': [<snowplow_tracker.self_describing_json.SelfDescribingJson object at 0x0000026F66341C10>, <snowplow_tracker.self_describing_json.SelfDescribingJson object at 0x0000026F66342030>, <snowplow_tracker.self_describing_json.SelfDescribingJson object at 0x0000026F638B9820>]}


============================== 01:49:24.519249 | f74eb409-ef9d-4204-9292-45dde3b525a5 ==============================
[0m01:49:24.519249 [info ] [MainThread]: Running with dbt=1.9.3
[0m01:49:24.520210 [debug] [MainThread]: running dbt with arguments {'printer_width': '80', 'indirect_selection': 'eager', 'write_json': 'True', 'log_cache_events': 'False', 'partial_parse': 'True', 'cache_selected_only': 'False', 'profiles_dir': 'C:\\Users\\Marinês\\.dbt', 'version_check': 'True', 'debug': 'False', 'log_path': 'logs', 'warn_error': 'None', 'fail_fast': 'False', 'use_colors': 'True', 'use_experimental_parser': 'False', 'no_print': 'None', 'quiet': 'False', 'empty': 'None', 'log_format': 'default', 'introspect': 'True', 'invocation_command': 'dbt init', 'warn_error_options': 'WarnErrorOptions(include=[], exclude=[])', 'target_path': 'None', 'static_parser': 'True', 'send_anonymous_usage_stats': 'True'}
[0m01:49:25.587975 [warn ] [MainThread]: [ConfigFolderDirectory]: Unable to parse logging event dictionary. Failed to parse dir field: expected string or bytes-like object, got 'WindowsPath'.. Dictionary: {'dir': WindowsPath('C:/Users/Marinês/.dbt')}
[0m01:49:25.589980 [info ] [MainThread]: Creating dbt configuration folder at 
[0m01:50:38.492763 [debug] [MainThread]: Starter project path: C:\Users\Marinês\AppData\Local\Programs\Python\Python312\Lib\site-packages\dbt\include\starter_project
[0m01:50:38.602891 [info ] [MainThread]: 
Your new dbt project "cotacao" was created!

For more information on how to configure the profiles.yml file,
please consult the dbt documentation here:

  https://docs.getdbt.com/docs/configure-your-profile

One more thing:

Need help? Don't hesitate to reach out to us via GitHub issues or on Slack:

  https://community.getdbt.com/

Happy modeling!

[0m01:50:38.629887 [info ] [MainThread]: Setting up your profile.
[0m01:57:14.795444 [info ] [MainThread]: Profile cotacao written to C:\Users\Marinês\.dbt\profiles.yml using target's profile_template.yml and your supplied values. Run 'dbt debug' to validate the connection.
[0m01:57:14.801112 [debug] [MainThread]: Command `dbt init` succeeded at 01:57:14.801112 after 470.94 seconds
[0m01:57:14.802111 [debug] [MainThread]: Sending event: {'category': 'dbt', 'action': 'invocation', 'label': 'end', 'context': [<snowplow_tracker.self_describing_json.SelfDescribingJson object at 0x0000026F66507C20>, <snowplow_tracker.self_describing_json.SelfDescribingJson object at 0x0000026F66898200>, <snowplow_tracker.self_describing_json.SelfDescribingJson object at 0x0000026F667D5490>]}
[0m01:57:14.804115 [debug] [MainThread]: Flushing usage events
[0m01:57:18.362627 [debug] [MainThread]: An error was encountered while trying to flush usage events
